0 info it worked if it ends with ok
1 verbose cli [ '/usr/bin/nodejs', '/usr/bin/npm', 'install', 'gulp-watc' ]
2 info using npm@1.4.21
3 info using node@v0.10.25
4 warn package.json Formatup@0.0.2 No README data
5 verbose readDependencies using package.json deps
6 verbose cache add [ 'gulp-watc', null ]
7 verbose cache add name=undefined spec="gulp-watc" args=["gulp-watc",null]
8 verbose parsed url { protocol: null,
8 verbose parsed url   slashes: null,
8 verbose parsed url   auth: null,
8 verbose parsed url   host: null,
8 verbose parsed url   port: null,
8 verbose parsed url   hostname: null,
8 verbose parsed url   hash: null,
8 verbose parsed url   search: null,
8 verbose parsed url   query: null,
8 verbose parsed url   pathname: 'gulp-watc',
8 verbose parsed url   path: 'gulp-watc',
8 verbose parsed url   href: 'gulp-watc' }
9 silly lockFile a17adfbf-gulp-watc gulp-watc
10 verbose lock gulp-watc /home/tilapia/.npm/a17adfbf-gulp-watc.lock
11 silly lockFile a17adfbf-gulp-watc gulp-watc
12 silly lockFile a17adfbf-gulp-watc gulp-watc
13 verbose addNamed [ 'gulp-watc', '' ]
14 verbose addNamed [ null, '*' ]
15 silly lockFile 8127b60f-gulp-watc gulp-watc@
16 verbose lock gulp-watc@ /home/tilapia/.npm/8127b60f-gulp-watc.lock
17 silly addNameRange { name: 'gulp-watc', range: '*', hasData: false }
18 verbose request where is /gulp-watc
19 verbose request registry https://registry.npmjs.org/
20 verbose request id 0455f80d1c5ff641
21 verbose url raw /gulp-watc
22 verbose url resolving [ 'https://registry.npmjs.org/', './gulp-watc' ]
23 verbose url resolved https://registry.npmjs.org/gulp-watc
24 verbose request where is https://registry.npmjs.org/gulp-watc
25 info trying registry request attempt 1 at 15:31:56
26 http GET https://registry.npmjs.org/gulp-watc
27 http 404 https://registry.npmjs.org/gulp-watc
28 verbose headers { server: 'CouchDB/1.5.0 (Erlang OTP/R16B03)',
28 verbose headers   'content-type': 'application/json',
28 verbose headers   'cache-control': 'max-age=0',
28 verbose headers   'content-length': '51',
28 verbose headers   'accept-ranges': 'bytes',
28 verbose headers   date: 'Tue, 07 Jul 2015 13:31:56 GMT',
28 verbose headers   via: '1.1 varnish',
28 verbose headers   age: '0',
28 verbose headers   connection: 'keep-alive',
28 verbose headers   'x-served-by': 'cache-ams4125-AMS',
28 verbose headers   'x-cache': 'MISS',
28 verbose headers   'x-cache-hits': '0',
28 verbose headers   'x-timer': 'S1436275916.615965,VS0,VE101' }
29 silly registry.get cb [ 404,
29 silly registry.get   { server: 'CouchDB/1.5.0 (Erlang OTP/R16B03)',
29 silly registry.get     'content-type': 'application/json',
29 silly registry.get     'cache-control': 'max-age=0',
29 silly registry.get     'content-length': '51',
29 silly registry.get     'accept-ranges': 'bytes',
29 silly registry.get     date: 'Tue, 07 Jul 2015 13:31:56 GMT',
29 silly registry.get     via: '1.1 varnish',
29 silly registry.get     age: '0',
29 silly registry.get     connection: 'keep-alive',
29 silly registry.get     'x-served-by': 'cache-ams4125-AMS',
29 silly registry.get     'x-cache': 'MISS',
29 silly registry.get     'x-cache-hits': '0',
29 silly registry.get     'x-timer': 'S1436275916.615965,VS0,VE101' } ]
30 silly lockFile 8127b60f-gulp-watc gulp-watc@
31 silly lockFile 8127b60f-gulp-watc gulp-watc@
32 error 404 404 Not Found: gulp-watc
32 error 404
32 error 404 'gulp-watc' is not in the npm registry.
32 error 404 You should bug the author to publish it
32 error 404 It was specified as a dependency of 'Formatup'
32 error 404
32 error 404 Note that you can also install from a
32 error 404 tarball, folder, or http url, or git url.
33 error System Linux 3.19.0-22-generic
34 error command "/usr/bin/nodejs" "/usr/bin/npm" "install" "gulp-watc"
35 error cwd /home/tilapia/Codes/Projets/formatup
36 error node -v v0.10.25
37 error npm -v 1.4.21
38 error code E404
39 verbose exit [ 1, true ]
